<?xml version="1.0" encoding="UTF-8"?>
<Site BuildName="Win32-MSBuild"
	BuildStamp="20201014-0338-Experimental"
	Name="PTO-02"
	Generator="ctest-3.17.20032601-MSVC_2"
	CompilerName="C:/Program Files (x86)/Microsoft Visual Studio/2019/Community/VC/Tools/MSVC/14.27.29110/bin/Hostx64/x64/cl.exe"
	CompilerVersion="19.27.29111.0"
	OSName="Windows"
	Hostname="pto-02"
	OSRelease=" Professional"
	OSVersion=" (Build 18363)"
	OSPlatform="x86"
	Is64Bits="1"
	VendorString="GenuineIntel"
	VendorID="Intel Corporation"
	FamilyID="6"
	ModelID="14"
	ProcessorCacheSize="-1"
	NumberOfLogicalCPU="4"
	NumberOfPhysicalCPU="4"
	TotalVirtualMemory="25244"
	TotalPhysicalMemory="8064"
	LogicalProcessorsPerPhysical="1"
	ProcessorClockFrequency="3600"
	>
	<Testing>
		<StartDateTime>Oct 14 08:38 RTZ 4 (ceia)</StartDateTime>
		<StartTestTime>1602646733</StartTestTime>
		<TestList/>
		<EndDateTime>Oct 14 08:38 RTZ 4 (ceia)</EndDateTime>
		<EndTestTime>1602646733</EndTestTime>
		<ElapsedMinutes>0</ElapsedMinutes>
	</Testing>
</Site>
